+-------+--------+--------------------------------------------------------------------------------------------------------------+--------+--------+---------+--------+--------+
| COUNT | METHOD |                                                     URI                                                      |  MIN   |  MAX   |   SUM   |  AVG   |  P99   |
+-------+--------+--------------------------------------------------------------------------------------------------------------+--------+--------+---------+--------+--------+
| 532   | GET    | /api/livestream/\d+/livecomment                                                                              | 0.004  | 2.416  | 359.770 | 0.676  | 2.164  |
| 596   | GET    | /api/livestream/\d+/reaction                                                                                 | 0.004  | 2.640  | 317.911 | 0.533  | 2.172  |
| 14    | GET    | /api/user/.+/statistics                                                                                      | 2.524  | 20.001 | 195.634 | 13.974 | 20.001 |
| 50    | GET    | /api/livestream/search?limit=50                                                                              | 0.164  | 5.508  | 185.515 | 3.710  | 5.508  |
| 33    | POST   | /api/livestream/\d+/moderate                                                                                 | 0.204  | 10.920 | 146.553 | 4.441  | 10.920 |
| 648   | POST   | /api/livestream/\d+/livecomment                                                                              | 0.004  | 0.308  | 101.159 | 0.156  | 0.289  |
| 513   | POST   | /api/register                                                                                                | 0.004  | 0.440  | 95.041  | 0.185  | 0.364  |
| 162   | POST   | /api/livestream/reservation                                                                                  | 0.004  | 1.684  | 91.633  | 0.566  | 1.584  |
| 4681  | GET    | /api/user/.+/icon                                                                                            | 0.004  | 0.160  | 37.921  | 0.008  | 0.036  |
| 500   | POST   | /api/livestream/\d+/reaction                                                                                 | 0.008  | 0.252  | 30.320  | 0.061  | 0.148  |
| 2     | POST   | /api/initialize                                                                                              | 12.812 | 13.096 | 25.908  | 12.954 | 13.096 |
| 4     | GET    | /api/livestream/.+/statistics                                                                                | 5.676  | 5.752  | 22.856  | 5.714  | 5.752  |
| 505   | POST   | /api/icon                                                                                                    | 0.012  | 0.212  | 16.273  | 0.032  | 0.108  |
| 4     | GET    | /api/livestream/search?tag=%E6%96%B0%E6%83%85%E5%A0%B1%E7%99%BA%E8%A1%A8                                     | 0.416  | 9.884  | 11.156  | 2.789  | 9.884  |
| 1     | GET    | /api/livestream/search?tag=%E3%82%B3%E3%83%A9%E3%83%9C%E9%85%8D%E4%BF%A1                                     | 10.812 | 10.812 | 10.812  | 10.812 | 10.812 |
| 1     | GET    | /api/livestream/search?tag=%E3%82%A4%E3%83%99%E3%83%B3%E3%83%88%E7%94%9F%E6%94%BE%E9%80%81                   | 10.045 | 10.045 | 10.045  | 10.045 | 10.045 |
| 122   | GET    | /api/livestream                                                                                              | 0.012  | 0.336  | 9.788   | 0.080  | 0.276  |
| 1     | GET    | /api/livestream/search?tag=%E3%83%9B%E3%83%A9%E3%83%BC%E3%82%B2%E3%83%BC%E3%83%A0                            | 9.452  | 9.452  | 9.452   | 9.452  | 9.452  |
| 1     | GET    | /api/livestream/search?tag=%E5%AE%87%E5%AE%99                                                                | 9.368  | 9.368  | 9.368   | 9.368  | 9.368  |
| 1     | GET    | /api/livestream/search?tag=%E7%A4%BE%E4%BC%9A%E5%95%8F%E9%A1%8C                                              | 9.056  | 9.056  | 9.056   | 9.056  | 9.056  |
| 1     | GET    | /api/livestream/search?tag=%E5%8D%A0%E3%81%84                                                                | 8.476  | 8.476  | 8.476   | 8.476  | 8.476  |
| 1     | GET    | /api/livestream/search?tag=DJ%E3%82%BB%E3%83%83%E3%83%88                                                     | 8.448  | 8.448  | 8.448   | 8.448  | 8.448  |
| 1     | GET    | /api/livestream/search?tag=%E5%88%9D%E5%BF%83%E8%80%85%E6%AD%93%E8%BF%8E                                     | 7.376  | 7.376  | 7.376   | 7.376  | 7.376  |
| 1     | GET    | /api/livestream/search?tag=%E3%82%AD%E3%83%A3%E3%83%AA%E3%82%A2                                              | 6.796  | 6.796  | 6.796   | 6.796  | 6.796  |
| 49    | GET    | /api/livestream/\d+/report                                                                                   | 0.004  | 0.876  | 4.557   | 0.093  | 0.876  |
| 523   | POST   | /api/login                                                                                                   | 0.008  | 0.040  | 4.520   | 0.009  | 0.028  |
| 37    | GET    | /api/livestream/\d+/ngwords                                                                                  | 0.004  | 0.136  | 2.244   | 0.061  | 0.136  |
| 120   | GET    | /api/tag                                                                                                     | 0.004  | 0.096  | 1.136   | 0.009  | 0.052  |
| 59    | POST   | /api/livestream/\d+/enter                                                                                    | 0.008  | 0.044  | 0.892   | 0.015  | 0.044  |
| 2     | GET    | /api/livestream/search?tag=%E3%83%A9%E3%82%A4%E3%83%96%E9%85%8D%E4%BF%A1                                     | 0.432  | 0.448  | 0.880   | 0.440  | 0.448  |
| 2     | GET    | /api/livestream/search?tag=%E6%A4%85%E5%AD%90                                                                | 0.416  | 0.440  | 0.856   | 0.428  | 0.440  |
| 39    | DELETE | /api/livestream/\d+/exit                                                                                     | 0.008  | 0.052  | 0.668   | 0.017  | 0.052  |
| 1     | GET    | /api/livestream/search?tag=%E4%BB%AE%E6%83%B3%E9%80%9A%E8%B2%A8                                              | 0.456  | 0.456  | 0.456   | 0.456  | 0.456  |
| 1     | GET    | /api/livestream/search?tag=%E3%83%90%E3%82%B9%E3%82%B1%E3%83%83%E3%83%88%E3%83%9C%E3%83%BC%E3%83%AB          | 0.428  | 0.428  | 0.428   | 0.428  | 0.428  |
| 1     | GET    | /api/livestream/search?tag=%E6%89%8B%E8%8A%B8                                                                | 0.420  | 0.420  | 0.420   | 0.420  | 0.420  |
| 1     | GET    | /api/livestream/search?tag=%E3%83%95%E3%82%A1%E3%83%B3%E3%83%9F%E3%83%BC%E3%83%86%E3%82%A3%E3%83%B3%E3%82%B0 | 0.416  | 0.416  | 0.416   | 0.416  | 0.416  |
| 1     | GET    | /api/livestream/search?tag=%E3%83%A8%E3%82%AC                                                                | 0.416  | 0.416  | 0.416   | 0.416  | 0.416  |
| 1     | GET    | /api/livestream/search?tag=%E3%83%95%E3%82%A1%E3%83%83%E3%82%B7%E3%83%A7%E3%83%B3                            | 0.388  | 0.388  | 0.388   | 0.388  | 0.388  |
| 1     | GET    | /api/livestream/search?tag=%E3%82%AC%E3%83%BC%E3%83%87%E3%83%8B%E3%83%B3%E3%82%B0                            | 0.376  | 0.376  | 0.376   | 0.376  | 0.376  |
| 1     | GET    | /api/livestream/search?tag=%E5%AD%90%E8%82%B2%E3%81%A6                                                       | 0.376  | 0.376  | 0.376   | 0.376  | 0.376  |
| 1     | GET    | /api/livestream/search?tag=%E3%82%A2%E3%83%BC%E3%83%88%E9%85%8D%E4%BF%A1                                     | 0.376  | 0.376  | 0.376   | 0.376  | 0.376  |
| 1     | GET    | /api/livestream/search?tag=%E3%82%AC%E3%82%B8%E3%82%A7%E3%83%83%E3%83%88%E7%B4%B9%E4%BB%8B                   | 0.356  | 0.356  | 0.356   | 0.356  | 0.356  |
| 1     | GET    | /api/livestream/search?tag=%E3%82%AE%E3%82%BF%E3%83%BC                                                       | 0.336  | 0.336  | 0.336   | 0.336  | 0.336  |
| 12    | GET    | /api/user/.+/theme                                                                                           | 0.004  | 0.020  | 0.088   | 0.007  | 0.020  |
| 2     | GET    | /api/payment                                                                                                 | 0.008  | 0.036  | 0.044   | 0.022  | 0.036  |
| 6     | GET    | /api/user/me                                                                                                 | 0.004  | 0.012  | 0.028   | 0.005  | 0.012  |
| 2     | GET    | /api/livestream/7497                                                                                         | 0.008  | 0.012  | 0.020   | 0.010  | 0.012  |
| 2     | GET    | /api/user/test                                                                                               | 0.004  | 0.004  | 0.008   | 0.004  | 0.004  |
| 1     | GET    | /                                                                                                            | 0.000  | 0.000  | 0.000   | 0.000  | 0.000  |
+-------+--------+--------------------------------------------------------------------------------------------------------------+--------+--------+---------+--------+--------+
